%!Adobe-FontList 1.20
%Locale:0x409

%BeginFont
Handler:DirectoryHandler
FontType:Invalid
OutlineFileName:/Users/lynneyun/Dropbox/Projects/Teaching/00_Github_Repos/TypeDesignSP21/templates/Week6_proofs/Document fonts/AdobeFnt21.lst
FileLength:557
FileModTime:635898848
%EndFont

%BeginFont
Handler:DirectoryHandler
FontType:TrueType
FontName:Georgia
FamilyName:Georgia
StyleName:Regular
MenuName:Georgia
StyleBits:0
WeightClass:400
WidthClass:5
AngleClass:0
FullName:Georgia
WritingScript:Roman
OutlineFileName:/Users/lynneyun/Dropbox/Projects/Teaching/00_Github_Repos/TypeDesignSP21/templates/Week6_proofs/Document fonts/Georgia.ttf
DataFormat:sfntData
hasSVG:no
VariableFontType:NonVariableFont
FileLength:379588
FileModTime:635898848
NameArray:0,Mac,4,Georgia
NameArray:0,Win,1,Georgia
%EndFont

